0 info it worked if it ends with ok
1 verbose cli [ '/Users/addison/nvm/v0.10.40/bin/node',
1 verbose cli   '/Users/addison/nvm/v0.10.40/bin/npm',
1 verbose cli   'run',
1 verbose cli   'react-dev' ]
2 info using npm@1.4.28
3 info using node@v0.10.40
4 verbose run-script [ 'prereact-dev', 'react-dev', 'postreact-dev' ]
5 info prereact-dev trial@1.0.0
6 info react-dev trial@1.0.0
7 verbose unsafe-perm in lifecycle true
8 info trial@1.0.0 Failed to exec react-dev script
9 error trial@1.0.0 react-dev: `webpack -d --watch`
9 error Exit status 8
10 error Failed at the trial@1.0.0 react-dev script.
10 error This is most likely a problem with the trial package,
10 error not with npm itself.
10 error Tell the author that this fails on your system:
10 error     webpack -d --watch
10 error You can get their info via:
10 error     npm owner ls trial
10 error There is likely additional logging output above.
11 error System Darwin 17.3.0
12 error command "/Users/addison/nvm/v0.10.40/bin/node" "/Users/addison/nvm/v0.10.40/bin/npm" "run" "react-dev"
13 error cwd /Users/addison/Projects/starter/repoStarterKit
14 error node -v v0.10.40
15 error npm -v 1.4.28
16 error code ELIFECYCLE
17 verbose exit [ 1, true ]
